2017-12-12 15:35:46 Error: [MissingControllerException] Controller class CssController could not be found.
Exception Attributes: array (
  'class' => 'CssController',
  'plugin' => NULL,
)
Request URL: /rusticana/css/bootstrap.min.css
Stack Trace:
#0 /var/www/html/rusticana/app/webroot/index.php(118): Dispatcher->dispatch(Object(CakeRequest), Object(CakeResponse))
#1 {main}
2017-12-12 15:35:46 Error: [MissingControllerException] Controller class CssController could not be found.
Exception Attributes: array (
  'class' => 'CssController',
  'plugin' => NULL,
)
Request URL: /rusticana/css/font-awesome.min.css
Stack Trace:
#0 /var/www/html/rusticana/app/webroot/index.php(118): Dispatcher->dispatch(Object(CakeRequest), Object(CakeResponse))
#1 {main}
2017-12-12 15:35:46 Error: [MissingControllerException] Controller class CssController could not be found.
Exception Attributes: array (
  'class' => 'CssController',
  'plugin' => NULL,
)
Request URL: /rusticana/css/smartadmin-production.min.css
Stack Trace:
#0 /var/www/html/rusticana/app/webroot/index.php(118): Dispatcher->dispatch(Object(CakeRequest), Object(CakeResponse))
#1 {main}
2017-12-12 15:35:46 Error: [MissingControllerException] Controller class CssController could not be found.
Exception Attributes: array (
  'class' => 'CssController',
  'plugin' => NULL,
)
Request URL: /rusticana/css/smartadmin-skins.min.css
Stack Trace:
#0 /var/www/html/rusticana/app/webroot/index.php(118): Dispatcher->dispatch(Object(CakeRequest), Object(CakeResponse))
#1 {main}
2017-12-12 15:35:46 Error: [MissingControllerException] Controller class CssController could not be found.
Exception Attributes: array (
  'class' => 'CssController',
  'plugin' => NULL,
)
Request URL: /rusticana/css/rodeo.css
Stack Trace:
#0 /var/www/html/rusticana/app/webroot/index.php(118): Dispatcher->dispatch(Object(CakeRequest), Object(CakeResponse))
#1 {main}
2017-12-12 15:35:46 Error: [MissingControllerException] Controller class CssController could not be found.
Exception Attributes: array (
  'class' => 'CssController',
  'plugin' => NULL,
)
Request URL: /rusticana/css/font-awesome-animation.min.css
Stack Trace:
#0 /var/www/html/rusticana/app/webroot/index.php(118): Dispatcher->dispatch(Object(CakeRequest), Object(CakeResponse))
#1 {main}
2017-12-12 15:35:46 Error: [MissingControllerException] Controller class JsController could not be found.
Exception Attributes: array (
  'class' => 'JsController',
  'plugin' => NULL,
)
Request URL: /rusticana/js/libs/jquery-2.0.2.min.js
Stack Trace:
#0 /var/www/html/rusticana/app/webroot/index.php(118): Dispatcher->dispatch(Object(CakeRequest), Object(CakeResponse))
#1 {main}
2017-12-12 15:35:46 Error: [MissingControllerException] Controller class JsController could not be found.
Exception Attributes: array (
  'class' => 'JsController',
  'plugin' => NULL,
)
Request URL: /rusticana/js/bootstrap/bootstrap.min.js
Stack Trace:
#0 /var/www/html/rusticana/app/webroot/index.php(118): Dispatcher->dispatch(Object(CakeRequest), Object(CakeResponse))
#1 {main}
2017-12-12 15:35:46 Error: [MissingControllerException] Controller class JsController could not be found.
Exception Attributes: array (
  'class' => 'JsController',
  'plugin' => NULL,
)
Request URL: /rusticana/js/smartwidgets/jarvis.widget.min.js
Stack Trace:
#0 /var/www/html/rusticana/app/webroot/index.php(118): Dispatcher->dispatch(Object(CakeRequest), Object(CakeResponse))
#1 {main}
2017-12-12 15:35:46 Error: [MissingControllerException] Controller class JsController could not be found.
Exception Attributes: array (
  'class' => 'JsController',
  'plugin' => NULL,
)
Request URL: /rusticana/js/libs/jquery-ui-1.10.3.min.js
Stack Trace:
#0 /var/www/html/rusticana/app/webroot/index.php(118): Dispatcher->dispatch(Object(CakeRequest), Object(CakeResponse))
#1 {main}
2017-12-12 15:35:46 Error: [MissingControllerException] Controller class JsController could not be found.
Exception Attributes: array (
  'class' => 'JsController',
  'plugin' => NULL,
)
Request URL: /rusticana/js/notification/SmartNotification.min.js
Stack Trace:
#0 /var/www/html/rusticana/app/webroot/index.php(118): Dispatcher->dispatch(Object(CakeRequest), Object(CakeResponse))
#1 {main}
2017-12-12 15:35:46 Error: [MissingControllerException] Controller class JsController could not be found.
Exception Attributes: array (
  'class' => 'JsController',
  'plugin' => NULL,
)
Request URL: /rusticana/js/app.config.js
Stack Trace:
#0 /var/www/html/rusticana/app/webroot/index.php(118): Dispatcher->dispatch(Object(CakeRequest), Object(CakeResponse))
#1 {main}
2017-12-12 15:35:46 Error: [MissingControllerException] Controller class ImgController could not be found.
Exception Attributes: array (
  'class' => 'ImgController',
  'plugin' => NULL,
)
Request URL: /rusticana/img/avatars/horse.jpg
Stack Trace:
#0 /var/www/html/rusticana/app/webroot/index.php(118): Dispatcher->dispatch(Object(CakeRequest), Object(CakeResponse))
#1 {main}
2017-12-12 15:35:47 Error: [MissingControllerException] Controller class JsController could not be found.
Exception Attributes: array (
  'class' => 'JsController',
  'plugin' => NULL,
)
Request URL: /rusticana/js/plugin/easy-pie-chart/jquery.easy-pie-chart.min.js
Stack Trace:
#0 /var/www/html/rusticana/app/webroot/index.php(118): Dispatcher->dispatch(Object(CakeRequest), Object(CakeResponse))
#1 {main}
2017-12-12 15:35:47 Error: [MissingControllerException] Controller class JsController could not be found.
Exception Attributes: array (
  'class' => 'JsController',
  'plugin' => NULL,
)
Request URL: /rusticana/js/plugin/sparkline/jquery.sparkline.min.js
Stack Trace:
#0 /var/www/html/rusticana/app/webroot/index.php(118): Dispatcher->dispatch(Object(CakeRequest), Object(CakeResponse))
#1 {main}
2017-12-12 15:35:47 Error: [MissingControllerException] Controller class JsController could not be found.
Exception Attributes: array (
  'class' => 'JsController',
  'plugin' => NULL,
)
Request URL: /rusticana/js/plugin/masked-input/jquery.maskedinput.min.js
Stack Trace:
#0 /var/www/html/rusticana/app/webroot/index.php(118): Dispatcher->dispatch(Object(CakeRequest), Object(CakeResponse))
#1 {main}
2017-12-12 15:35:47 Error: [MissingControllerException] Controller class JsController could not be found.
Exception Attributes: array (
  'class' => 'JsController',
  'plugin' => NULL,
)
Request URL: /rusticana/js/notification/SmartNotification.min.js
Stack Trace:
#0 /var/www/html/rusticana/app/webroot/index.php(118): Dispatcher->dispatch(Object(CakeRequest), Object(CakeResponse))
#1 {main}
2017-12-12 15:35:47 Error: [MissingControllerException] Controller class JsController could not be found.
Exception Attributes: array (
  'class' => 'JsController',
  'plugin' => NULL,
)
Request URL: /rusticana/js/plugin/jquery-validate/jquery.validate.min.js
Stack Trace:
#0 /var/www/html/rusticana/app/webroot/index.php(118): Dispatcher->dispatch(Object(CakeRequest), Object(CakeResponse))
#1 {main}
2017-12-12 15:35:47 Error: [MissingControllerException] Controller class JsController could not be found.
Exception Attributes: array (
  'class' => 'JsController',
  'plugin' => NULL,
)
Request URL: /rusticana/js/plugin/select2/select2.min.js
Stack Trace:
#0 /var/www/html/rusticana/app/webroot/index.php(118): Dispatcher->dispatch(Object(CakeRequest), Object(CakeResponse))
#1 {main}
2017-12-12 15:35:47 Error: [MissingControllerException] Controller class JsController could not be found.
Exception Attributes: array (
  'class' => 'JsController',
  'plugin' => NULL,
)
Request URL: /rusticana/js/plugin/select2/select2.locale.es.js
Stack Trace:
#0 /var/www/html/rusticana/app/webroot/index.php(118): Dispatcher->dispatch(Object(CakeRequest), Object(CakeResponse))
#1 {main}
2017-12-12 15:35:47 Error: [MissingControllerException] Controller class JsController could not be found.
Exception Attributes: array (
  'class' => 'JsController',
  'plugin' => NULL,
)
Request URL: /rusticana/js/plugin/bootstrap-slider/bootstrap-slider.min.js
Stack Trace:
#0 /var/www/html/rusticana/app/webroot/index.php(118): Dispatcher->dispatch(Object(CakeRequest), Object(CakeResponse))
#1 {main}
2017-12-12 15:35:47 Error: [MissingControllerException] Controller class JsController could not be found.
Exception Attributes: array (
  'class' => 'JsController',
  'plugin' => NULL,
)
Request URL: /rusticana/js/plugin/msie-fix/jquery.mb.browser.min.js
Stack Trace:
#0 /var/www/html/rusticana/app/webroot/index.php(118): Dispatcher->dispatch(Object(CakeRequest), Object(CakeResponse))
#1 {main}
2017-12-12 15:35:47 Error: [MissingControllerException] Controller class JsController could not be found.
Exception Attributes: array (
  'class' => 'JsController',
  'plugin' => NULL,
)
Request URL: /rusticana/js/smartwidgets/jarvis.widget.min.js
Stack Trace:
#0 /var/www/html/rusticana/app/webroot/index.php(118): Dispatcher->dispatch(Object(CakeRequest), Object(CakeResponse))
#1 {main}
2017-12-12 15:35:47 Error: [MissingControllerException] Controller class JsController could not be found.
Exception Attributes: array (
  'class' => 'JsController',
  'plugin' => NULL,
)
Request URL: /rusticana/js/plugin/fastclick/fastclick.min.js
Stack Trace:
#0 /var/www/html/rusticana/app/webroot/index.php(118): Dispatcher->dispatch(Object(CakeRequest), Object(CakeResponse))
#1 {main}
2017-12-12 15:35:47 Error: [MissingControllerException] Controller class JsController could not be found.
Exception Attributes: array (
  'class' => 'JsController',
  'plugin' => NULL,
)
Request URL: /rusticana/js/rodeo/ajaxModalControl.js
Stack Trace:
#0 /var/www/html/rusticana/app/webroot/index.php(118): Dispatcher->dispatch(Object(CakeRequest), Object(CakeResponse))
#1 {main}
2017-12-12 15:35:47 Error: [MissingControllerException] Controller class JsController could not be found.
Exception Attributes: array (
  'class' => 'JsController',
  'plugin' => NULL,
)
Request URL: /rusticana/js/rodeo/jquery.price_format.2.0.min.js
Stack Trace:
#0 /var/www/html/rusticana/app/webroot/index.php(118): Dispatcher->dispatch(Object(CakeRequest), Object(CakeResponse))
#1 {main}
2017-12-12 15:35:47 Error: [MissingControllerException] Controller class JsController could not be found.
Exception Attributes: array (
  'class' => 'JsController',
  'plugin' => NULL,
)
Request URL: /rusticana/js/app.min.js
Stack Trace:
#0 /var/www/html/rusticana/app/webroot/index.php(118): Dispatcher->dispatch(Object(CakeRequest), Object(CakeResponse))
#1 {main}
2017-12-12 15:35:47 Error: [MissingControllerException] Controller class JsController could not be found.
Exception Attributes: array (
  'class' => 'JsController',
  'plugin' => NULL,
)
Request URL: /rusticana/js/plugin/easy-pie-chart/jquery.easy-pie-chart.min.js
Stack Trace:
#0 /var/www/html/rusticana/app/webroot/index.php(118): Dispatcher->dispatch(Object(CakeRequest), Object(CakeResponse))
#1 {main}
2017-12-12 15:35:47 Error: [MissingControllerException] Controller class JsController could not be found.
Exception Attributes: array (
  'class' => 'JsController',
  'plugin' => NULL,
)
Request URL: /rusticana/js/rodeo/focus.js
Stack Trace:
#0 /var/www/html/rusticana/app/webroot/index.php(118): Dispatcher->dispatch(Object(CakeRequest), Object(CakeResponse))
#1 {main}
2017-12-12 15:35:48 Error: [MissingControllerException] Controller class JsController could not be found.
Exception Attributes: array (
  'class' => 'JsController',
  'plugin' => NULL,
)
Request URL: /rusticana/js/plugin/sparkline/jquery.sparkline.min.js
Stack Trace:
#0 /var/www/html/rusticana/app/webroot/index.php(118): Dispatcher->dispatch(Object(CakeRequest), Object(CakeResponse))
#1 {main}
2017-12-12 15:35:48 Error: [MissingControllerException] Controller class JsController could not be found.
Exception Attributes: array (
  'class' => 'JsController',
  'plugin' => NULL,
)
Request URL: /rusticana/js/plugin/jquery-validate/jquery.validate.min.js
Stack Trace:
#0 /var/www/html/rusticana/app/webroot/index.php(118): Dispatcher->dispatch(Object(CakeRequest), Object(CakeResponse))
#1 {main}
2017-12-12 15:35:48 Error: [MissingControllerException] Controller class JsController could not be found.
Exception Attributes: array (
  'class' => 'JsController',
  'plugin' => NULL,
)
Request URL: /rusticana/js/plugin/masked-input/jquery.maskedinput.min.js
Stack Trace:
#0 /var/www/html/rusticana/app/webroot/index.php(118): Dispatcher->dispatch(Object(CakeRequest), Object(CakeResponse))
#1 {main}
2017-12-12 15:35:48 Error: [MissingControllerException] Controller class JsController could not be found.
Exception Attributes: array (
  'class' => 'JsController',
  'plugin' => NULL,
)
Request URL: /rusticana/js/plugin/select2/select2.min.js
Stack Trace:
#0 /var/www/html/rusticana/app/webroot/index.php(118): Dispatcher->dispatch(Object(CakeRequest), Object(CakeResponse))
#1 {main}
2017-12-12 15:35:48 Error: [MissingControllerException] Controller class JsController could not be found.
Exception Attributes: array (
  'class' => 'JsController',
  'plugin' => NULL,
)
Request URL: /rusticana/js/plugin/select2/select2.locale.es.js
Stack Trace:
#0 /var/www/html/rusticana/app/webroot/index.php(118): Dispatcher->dispatch(Object(CakeRequest), Object(CakeResponse))
#1 {main}
2017-12-12 15:35:48 Error: [MissingControllerException] Controller class JsController could not be found.
Exception Attributes: array (
  'class' => 'JsController',
  'plugin' => NULL,
)
Request URL: /rusticana/js/plugin/bootstrap-slider/bootstrap-slider.min.js
Stack Trace:
#0 /var/www/html/rusticana/app/webroot/index.php(118): Dispatcher->dispatch(Object(CakeRequest), Object(CakeResponse))
#1 {main}
2017-12-12 15:35:48 Error: [MissingControllerException] Controller class JsController could not be found.
Exception Attributes: array (
  'class' => 'JsController',
  'plugin' => NULL,
)
Request URL: /rusticana/js/plugin/msie-fix/jquery.mb.browser.min.js
Stack Trace:
#0 /var/www/html/rusticana/app/webroot/index.php(118): Dispatcher->dispatch(Object(CakeRequest), Object(CakeResponse))
#1 {main}
2017-12-12 15:35:49 Error: [MissingControllerException] Controller class JsController could not be found.
Exception Attributes: array (
  'class' => 'JsController',
  'plugin' => NULL,
)
Request URL: /rusticana/js/plugin/fastclick/fastclick.min.js
Stack Trace:
#0 /var/www/html/rusticana/app/webroot/index.php(118): Dispatcher->dispatch(Object(CakeRequest), Object(CakeResponse))
#1 {main}
2017-12-12 15:35:49 Error: [MissingControllerException] Controller class JsController could not be found.
Exception Attributes: array (
  'class' => 'JsController',
  'plugin' => NULL,
)
Request URL: /rusticana/js/rodeo/ajaxModalControl.js
Stack Trace:
#0 /var/www/html/rusticana/app/webroot/index.php(118): Dispatcher->dispatch(Object(CakeRequest), Object(CakeResponse))
#1 {main}
2017-12-12 15:35:49 Error: [MissingControllerException] Controller class JsController could not be found.
Exception Attributes: array (
  'class' => 'JsController',
  'plugin' => NULL,
)
Request URL: /rusticana/js/rodeo/jquery.price_format.2.0.min.js
Stack Trace:
#0 /var/www/html/rusticana/app/webroot/index.php(118): Dispatcher->dispatch(Object(CakeRequest), Object(CakeResponse))
#1 {main}
2017-12-12 15:35:49 Error: [MissingControllerException] Controller class JsController could not be found.
Exception Attributes: array (
  'class' => 'JsController',
  'plugin' => NULL,
)
Request URL: /rusticana/js/app.min.js
Stack Trace:
#0 /var/www/html/rusticana/app/webroot/index.php(118): Dispatcher->dispatch(Object(CakeRequest), Object(CakeResponse))
#1 {main}
2017-12-12 15:35:49 Error: [MissingControllerException] Controller class JsController could not be found.
Exception Attributes: array (
  'class' => 'JsController',
  'plugin' => NULL,
)
Request URL: /rusticana/js/rodeo/focus.js
Stack Trace:
#0 /var/www/html/rusticana/app/webroot/index.php(118): Dispatcher->dispatch(Object(CakeRequest), Object(CakeResponse))
#1 {main}
2017-12-12 15:35:49 Error: [MissingControllerException] Controller class ImgController could not be found.
Exception Attributes: array (
  'class' => 'ImgController',
  'plugin' => NULL,
)
Request URL: /rusticana/img/favicon/favicon.png
Stack Trace:
#0 /var/www/html/rusticana/app/webroot/index.php(118): Dispatcher->dispatch(Object(CakeRequest), Object(CakeResponse))
#1 {main}
2017-12-12 15:41:27 Error: [MissingControllerException] Controller class CssController could not be found.
Exception Attributes: array (
  'class' => 'CssController',
  'plugin' => NULL,
)
Request URL: /rusticana/css/cake.generic.css
Stack Trace:
#0 /var/www/html/rusticana/app/webroot/index.php(118): Dispatcher->dispatch(Object(CakeRequest), Object(CakeResponse))
#1 {main}
2017-12-12 15:45:38 Error: [MissingControllerException] Controller class CssController could not be found.
Exception Attributes: array (
  'class' => 'CssController',
  'plugin' => NULL,
)
Request URL: /rusticana/css/bootstrap-reboot.min.css.map
Stack Trace:
#0 /var/www/html/rusticana/app/webroot/index.php(118): Dispatcher->dispatch(Object(CakeRequest), Object(CakeResponse))
#1 {main}
2017-12-12 15:45:38 Error: [MissingControllerException] Controller class CssController could not be found.
Exception Attributes: array (
  'class' => 'CssController',
  'plugin' => NULL,
)
Request URL: /rusticana/css/bootstrap-grid.min.css.map
Stack Trace:
#0 /var/www/html/rusticana/app/webroot/index.php(118): Dispatcher->dispatch(Object(CakeRequest), Object(CakeResponse))
#1 {main}
2017-12-12 15:45:38 Error: [MissingControllerException] Controller class CssController could not be found.
Exception Attributes: array (
  'class' => 'CssController',
  'plugin' => NULL,
)
Request URL: /rusticana/css/bootstrap.min.css.map
Stack Trace:
#0 /var/www/html/rusticana/app/webroot/index.php(118): Dispatcher->dispatch(Object(CakeRequest), Object(CakeResponse))
#1 {main}
2017-12-12 15:47:01 Error: [MissingControllerException] Controller class CssController could not be found.
Exception Attributes: array (
  'class' => 'CssController',
  'plugin' => NULL,
)
Request URL: /rusticana/css/bootstrap-reboot.min.css.map
Stack Trace:
#0 /var/www/html/rusticana/app/webroot/index.php(118): Dispatcher->dispatch(Object(CakeRequest), Object(CakeResponse))
#1 {main}
2017-12-12 15:47:01 Error: [MissingControllerException] Controller class CssController could not be found.
Exception Attributes: array (
  'class' => 'CssController',
  'plugin' => NULL,
)
Request URL: /rusticana/css/bootstrap.min.css.map
Stack Trace:
#0 /var/www/html/rusticana/app/webroot/index.php(118): Dispatcher->dispatch(Object(CakeRequest), Object(CakeResponse))
#1 {main}
2017-12-12 15:47:01 Error: [MissingControllerException] Controller class CssController could not be found.
Exception Attributes: array (
  'class' => 'CssController',
  'plugin' => NULL,
)
Request URL: /rusticana/css/bootstrap-grid.min.css.map
Stack Trace:
#0 /var/www/html/rusticana/app/webroot/index.php(118): Dispatcher->dispatch(Object(CakeRequest), Object(CakeResponse))
#1 {main}
2017-12-12 15:49:09 Error: [MissingControllerException] Controller class CssController could not be found.
Exception Attributes: array (
  'class' => 'CssController',
  'plugin' => NULL,
)
Request URL: /rusticana/css/bootstrap.min.css.map
Stack Trace:
#0 /var/www/html/rusticana/app/webroot/index.php(118): Dispatcher->dispatch(Object(CakeRequest), Object(CakeResponse))
#1 {main}
2017-12-12 15:49:09 Error: [MissingControllerException] Controller class CssController could not be found.
Exception Attributes: array (
  'class' => 'CssController',
  'plugin' => NULL,
)
Request URL: /rusticana/css/bootstrap-grid.min.css.map
Stack Trace:
#0 /var/www/html/rusticana/app/webroot/index.php(118): Dispatcher->dispatch(Object(CakeRequest), Object(CakeResponse))
#1 {main}
2017-12-12 15:49:09 Error: [MissingControllerException] Controller class CssController could not be found.
Exception Attributes: array (
  'class' => 'CssController',
  'plugin' => NULL,
)
Request URL: /rusticana/css/bootstrap-reboot.min.css.map
Stack Trace:
#0 /var/www/html/rusticana/app/webroot/index.php(118): Dispatcher->dispatch(Object(CakeRequest), Object(CakeResponse))
#1 {main}
2017-12-12 15:52:10 Error: [MissingControllerException] Controller class CssController could not be found.
Exception Attributes: array (
  'class' => 'CssController',
  'plugin' => NULL,
)
Request URL: /rusticana/css/bootstrap-grid.min.css.map
Stack Trace:
#0 /var/www/html/rusticana/app/webroot/index.php(118): Dispatcher->dispatch(Object(CakeRequest), Object(CakeResponse))
#1 {main}
2017-12-12 15:52:10 Error: [MissingControllerException] Controller class CssController could not be found.
Exception Attributes: array (
  'class' => 'CssController',
  'plugin' => NULL,
)
Request URL: /rusticana/css/bootstrap.min.css.map
Stack Trace:
#0 /var/www/html/rusticana/app/webroot/index.php(118): Dispatcher->dispatch(Object(CakeRequest), Object(CakeResponse))
#1 {main}
2017-12-12 15:52:10 Error: [MissingControllerException] Controller class CssController could not be found.
Exception Attributes: array (
  'class' => 'CssController',
  'plugin' => NULL,
)
Request URL: /rusticana/css/bootstrap-reboot.min.css.map
Stack Trace:
#0 /var/www/html/rusticana/app/webroot/index.php(118): Dispatcher->dispatch(Object(CakeRequest), Object(CakeResponse))
#1 {main}
2017-12-12 15:52:10 Error: [MissingControllerException] Controller class JsController could not be found.
Exception Attributes: array (
  'class' => 'JsController',
  'plugin' => NULL,
)
Request URL: /rusticana/js/bootstrap.bundle.min.js.map
Stack Trace:
#0 /var/www/html/rusticana/app/webroot/index.php(118): Dispatcher->dispatch(Object(CakeRequest), Object(CakeResponse))
#1 {main}
2017-12-12 15:52:10 Error: [MissingControllerException] Controller class JsController could not be found.
Exception Attributes: array (
  'class' => 'JsController',
  'plugin' => NULL,
)
Request URL: /rusticana/js/bootstrap.min.js.map
Stack Trace:
#0 /var/www/html/rusticana/app/webroot/index.php(118): Dispatcher->dispatch(Object(CakeRequest), Object(CakeResponse))
#1 {main}
2017-12-13 09:13:59 Error: [MissingControllerException] Controller class Jumbotron.cssController could not be found.
Exception Attributes: array (
  'class' => 'Jumbotron.cssController',
  'plugin' => NULL,
)
Request URL: /rusticana/jumbotron.css
Stack Trace:
#0 /var/www/html/rusticana/app/webroot/index.php(118): Dispatcher->dispatch(Object(CakeRequest), Object(CakeResponse))
#1 {main}
2017-12-13 09:15:19 Error: [MissingControllerException] Controller class Justified-nav.cssController could not be found.
Exception Attributes: array (
  'class' => 'Justified-nav.cssController',
  'plugin' => NULL,
)
Request URL: /rusticana/justified-nav.css
Stack Trace:
#0 /var/www/html/rusticana/app/webroot/index.php(118): Dispatcher->dispatch(Object(CakeRequest), Object(CakeResponse))
#1 {main}
2017-12-13 09:15:54 Error: [MissingControllerException] Controller class Justified-nav.cssController could not be found.
Exception Attributes: array (
  'class' => 'Justified-nav.cssController',
  'plugin' => NULL,
)
Request URL: /rusticana/justified-nav.css
Stack Trace:
#0 /var/www/html/rusticana/app/webroot/index.php(118): Dispatcher->dispatch(Object(CakeRequest), Object(CakeResponse))
#1 {main}
2017-12-13 09:18:18 Error: [MissingControllerException] Controller class Justified-nav.cssController could not be found.
Exception Attributes: array (
  'class' => 'Justified-nav.cssController',
  'plugin' => NULL,
)
Request URL: /rusticana/justified-nav.css
Stack Trace:
#0 /var/www/html/rusticana/app/webroot/index.php(118): Dispatcher->dispatch(Object(CakeRequest), Object(CakeResponse))
#1 {main}
2017-12-13 09:18:47 Error: [MissingControllerException] Controller class Justified-nav.cssController could not be found.
Exception Attributes: array (
  'class' => 'Justified-nav.cssController',
  'plugin' => NULL,
)
Request URL: /rusticana/justified-nav.css
Stack Trace:
#0 /var/www/html/rusticana/app/webroot/index.php(118): Dispatcher->dispatch(Object(CakeRequest), Object(CakeResponse))
#1 {main}
2017-12-13 09:18:47 Error: [MissingControllerException] Controller class CssController could not be found.
Exception Attributes: array (
  'class' => 'CssController',
  'plugin' => NULL,
)
Request URL: /rusticana/css/bootstrap.min.css.map
Stack Trace:
#0 /var/www/html/rusticana/app/webroot/index.php(118): Dispatcher->dispatch(Object(CakeRequest), Object(CakeResponse))
#1 {main}
2017-12-13 09:18:47 Error: [MissingControllerException] Controller class CssController could not be found.
Exception Attributes: array (
  'class' => 'CssController',
  'plugin' => NULL,
)
Request URL: /rusticana/css/bootstrap-reboot.min.css.map
Stack Trace:
#0 /var/www/html/rusticana/app/webroot/index.php(118): Dispatcher->dispatch(Object(CakeRequest), Object(CakeResponse))
#1 {main}
2017-12-13 09:18:47 Error: [MissingControllerException] Controller class CssController could not be found.
Exception Attributes: array (
  'class' => 'CssController',
  'plugin' => NULL,
)
Request URL: /rusticana/css/bootstrap-grid.min.css.map
Stack Trace:
#0 /var/www/html/rusticana/app/webroot/index.php(118): Dispatcher->dispatch(Object(CakeRequest), Object(CakeResponse))
#1 {main}
2017-12-13 09:18:48 Error: [MissingControllerException] Controller class Justified-nav.cssController could not be found.
Exception Attributes: array (
  'class' => 'Justified-nav.cssController',
  'plugin' => NULL,
)
Request URL: /rusticana/justified-nav.css
Stack Trace:
#0 /var/www/html/rusticana/app/webroot/index.php(118): Dispatcher->dispatch(Object(CakeRequest), Object(CakeResponse))
#1 {main}
2017-12-13 09:18:48 Error: [MissingControllerException] Controller class CssController could not be found.
Exception Attributes: array (
  'class' => 'CssController',
  'plugin' => NULL,
)
Request URL: /rusticana/css/bootstrap-reboot.min.css.map
Stack Trace:
#0 /var/www/html/rusticana/app/webroot/index.php(118): Dispatcher->dispatch(Object(CakeRequest), Object(CakeResponse))
#1 {main}
2017-12-13 09:18:48 Error: [MissingControllerException] Controller class CssController could not be found.
Exception Attributes: array (
  'class' => 'CssController',
  'plugin' => NULL,
)
Request URL: /rusticana/css/bootstrap-grid.min.css.map
Stack Trace:
#0 /var/www/html/rusticana/app/webroot/index.php(118): Dispatcher->dispatch(Object(CakeRequest), Object(CakeResponse))
#1 {main}
2017-12-13 09:18:48 Error: [MissingControllerException] Controller class CssController could not be found.
Exception Attributes: array (
  'class' => 'CssController',
  'plugin' => NULL,
)
Request URL: /rusticana/css/bootstrap.min.css.map
Stack Trace:
#0 /var/www/html/rusticana/app/webroot/index.php(118): Dispatcher->dispatch(Object(CakeRequest), Object(CakeResponse))
#1 {main}
2017-12-13 09:18:48 Error: [MissingControllerException] Controller class JsController could not be found.
Exception Attributes: array (
  'class' => 'JsController',
  'plugin' => NULL,
)
Request URL: /rusticana/js/bootstrap.min.js.map
Stack Trace:
#0 /var/www/html/rusticana/app/webroot/index.php(118): Dispatcher->dispatch(Object(CakeRequest), Object(CakeResponse))
#1 {main}
2017-12-13 09:18:49 Error: [MissingControllerException] Controller class JsController could not be found.
Exception Attributes: array (
  'class' => 'JsController',
  'plugin' => NULL,
)
Request URL: /rusticana/js/bootstrap.bundle.min.js.map
Stack Trace:
#0 /var/www/html/rusticana/app/webroot/index.php(118): Dispatcher->dispatch(Object(CakeRequest), Object(CakeResponse))
#1 {main}
2017-12-13 09:19:00 Error: [MissingControllerException] Controller class CssController could not be found.
Exception Attributes: array (
  'class' => 'CssController',
  'plugin' => NULL,
)
Request URL: /rusticana/css/bootstrap-reboot.min.css.map
Stack Trace:
#0 /var/www/html/rusticana/app/webroot/index.php(118): Dispatcher->dispatch(Object(CakeRequest), Object(CakeResponse))
#1 {main}
2017-12-13 09:19:00 Error: [MissingControllerException] Controller class CssController could not be found.
Exception Attributes: array (
  'class' => 'CssController',
  'plugin' => NULL,
)
Request URL: /rusticana/css/bootstrap-grid.min.css.map
Stack Trace:
#0 /var/www/html/rusticana/app/webroot/index.php(118): Dispatcher->dispatch(Object(CakeRequest), Object(CakeResponse))
#1 {main}
2017-12-13 09:19:00 Error: [MissingControllerException] Controller class CssController could not be found.
Exception Attributes: array (
  'class' => 'CssController',
  'plugin' => NULL,
)
Request URL: /rusticana/css/bootstrap.min.css.map
Stack Trace:
#0 /var/www/html/rusticana/app/webroot/index.php(118): Dispatcher->dispatch(Object(CakeRequest), Object(CakeResponse))
#1 {main}
2017-12-13 09:19:00 Error: [MissingControllerException] Controller class JsController could not be found.
Exception Attributes: array (
  'class' => 'JsController',
  'plugin' => NULL,
)
Request URL: /rusticana/js/bootstrap.min.js.map
Stack Trace:
#0 /var/www/html/rusticana/app/webroot/index.php(118): Dispatcher->dispatch(Object(CakeRequest), Object(CakeResponse))
#1 {main}
2017-12-13 09:19:00 Error: [MissingControllerException] Controller class JsController could not be found.
Exception Attributes: array (
  'class' => 'JsController',
  'plugin' => NULL,
)
Request URL: /rusticana/js/bootstrap.bundle.min.js.map
Stack Trace:
#0 /var/www/html/rusticana/app/webroot/index.php(118): Dispatcher->dispatch(Object(CakeRequest), Object(CakeResponse))
#1 {main}
2017-12-13 09:23:22 Error: [MissingControllerException] Controller class CssController could not be found.
Exception Attributes: array (
  'class' => 'CssController',
  'plugin' => NULL,
)
Request URL: /rusticana/css/bootstrap.min.css.map
Stack Trace:
#0 /var/www/html/rusticana/app/webroot/index.php(118): Dispatcher->dispatch(Object(CakeRequest), Object(CakeResponse))
#1 {main}
2017-12-13 09:23:22 Error: [MissingControllerException] Controller class CssController could not be found.
Exception Attributes: array (
  'class' => 'CssController',
  'plugin' => NULL,
)
Request URL: /rusticana/css/bootstrap-grid.min.css.map
Stack Trace:
#0 /var/www/html/rusticana/app/webroot/index.php(118): Dispatcher->dispatch(Object(CakeRequest), Object(CakeResponse))
#1 {main}
2017-12-13 09:23:22 Error: [MissingControllerException] Controller class CssController could not be found.
Exception Attributes: array (
  'class' => 'CssController',
  'plugin' => NULL,
)
Request URL: /rusticana/css/bootstrap-reboot.min.css.map
Stack Trace:
#0 /var/www/html/rusticana/app/webroot/index.php(118): Dispatcher->dispatch(Object(CakeRequest), Object(CakeResponse))
#1 {main}
2017-12-13 09:23:22 Error: [MissingControllerException] Controller class JsController could not be found.
Exception Attributes: array (
  'class' => 'JsController',
  'plugin' => NULL,
)
Request URL: /rusticana/js/bootstrap.bundle.min.js.map
Stack Trace:
#0 /var/www/html/rusticana/app/webroot/index.php(118): Dispatcher->dispatch(Object(CakeRequest), Object(CakeResponse))
#1 {main}
2017-12-13 09:23:22 Error: [MissingControllerException] Controller class JsController could not be found.
Exception Attributes: array (
  'class' => 'JsController',
  'plugin' => NULL,
)
Request URL: /rusticana/js/bootstrap.min.js.map
Stack Trace:
#0 /var/www/html/rusticana/app/webroot/index.php(118): Dispatcher->dispatch(Object(CakeRequest), Object(CakeResponse))
#1 {main}
